<?xml version="1.0" encoding="utf-8"?><testsuites name="pytest tests"><testsuite name="pytest" errors="0" failures="0" skipped="0" tests="6" time="4.649" timestamp="2026-09-16T12:43:04.055419+00:00" hostname="agent-env-b2ee679e-620e-43cb-8439-81fbe15fcd97"><testcase classname="tests.test_iteration6.TestOwnerFollowup" name="test_owner_followup_draft_amazon_or_ai_limit" time="4.032" /><testcase classname="tests.test_iteration6.TestStatsMonthly" name="test_monthly_6_months_shape_and_reconcile" time="1.066" /><testcase classname="tests.test_iteration6.TestStatsMonthly" name="test_monthly_3_returns_3" time="1.399" /><testcase classname="tests.test_iteration6.TestReminderLeadDays" name="test_create_with_lead_days_schedules_early_reminder" time="0.277" /><testcase classname="tests.test_iteration6.TestOwnerFollowup" name="test_owner_followup_draft_unknown_owner_404" time="0.079" /><testcase classname="tests.test_iteration6.TestOwnerFollowup" name="test_owner_followup_sent_rahul" time="0.162" /></testsuite></testsuites>