<?xml version="1.0" encoding="utf-8"?><testsuites name="pytest tests"><testsuite name="pytest" errors="0" failures="0" skipped="0" tests="6" time="1.736" timestamp="2026-09-16T12:20:58.377292+00:00" hostname="agent-env-b2ee679e-620e-43cb-8439-81fbe15fcd97"><testcase classname="tests.test_iteration5.TestStatsRecapMoney" name="test_stats_has_money_fields" time="0.830" /><testcase classname="tests.test_iteration5.TestOwners" name="test_list_owners_shape_and_sort" time="0.819" /><testcase classname="tests.test_iteration5.TestOwners" name="test_owner_profile_case_insensitive_amazon" time="0.074" /><testcase classname="tests.test_iteration5.TestStatsRecapMoney" name="test_recap_weekly_has_money_and_owes_owed" time="0.092" /><testcase classname="tests.test_iteration5.TestOwners" name="test_owner_profile_unknown_returns_404" time="0.070" /><testcase classname="tests.test_iteration5.TestAwaitAmount" name="test_create_await_with_amount_and_currency" time="0.479" /></testsuite></testsuites>