<?xml version="1.0" encoding="utf-8"?><testsuites name="pytest tests"><testsuite name="pytest" errors="0" failures="0" skipped="0" tests="66" time="31.812" timestamp="2026-09-17T17:38:17.324627+00:00" hostname="agent-env-b2ee679e-620e-43cb-8439-81fbe15fcd97"><testcase classname="tests.test_iteration7.TestTemplatesCRUD" name="test_01_create_weekly_template" time="0.887" /><testcase classname="tests.test_await_backend.TestListFilters" name="test_include_done_false_returns_5" time="0.876" /><testcase classname="tests.test_iteration7.TestTemplatesCRUD" name="test_02_list_includes_created" time="0.305" /><testcase classname="tests.test_await_backend.TestListFilters" name="test_state_done_filter" time="0.399" /><testcase classname="tests.test_iteration7.TestTemplatesCRUD" name="test_03_patch_to_monthly_dom15" time="0.139" /><testcase classname="tests.test_iteration7.TestTemplatesCRUD" name="test_04_patch_active_false" time="0.337" /><testcase classname="tests.test_await_backend.TestListFilters" name="test_category_refund" time="0.484" /><testcase classname="tests.test_iteration7.TestTemplatesCRUD" name="test_05_run_template_manual" time="0.412" /><testcase classname="tests.test_await_backend.TestListFilters" name="test_q_sameer" time="0.401" /><testcase classname="tests.test_iteration7.TestTemplatesCRUD" name="test_06_templates_tick_nothing_due" time="0.100" /><testcase classname="tests.test_iteration7.TestTemplatesCRUD" name="test_07_patch_unknown_404" time="0.293" /><testcase classname="tests.test_await_backend.TestListFilters" name="test_time_overdue" time="0.396" /><testcase classname="tests.test_iteration7.TestTemplatesCRUD" name="test_08_delete_template" time="0.398" /><testcase classname="tests.test_await_backend.TestListFilters" name="test_sort_az" time="0.384" /><testcase classname="tests.test_iteration7.TestTemplatesCRUD" name="test_09_cleanup_created_await" time="0.103" /><testcase classname="tests.test_iteration7.TestTemplatesCRUD" name="test_10_existing_monthly_rent_template_still_present" time="0.284" /><testcase classname="tests.test_await_backend.TestAuth" name="test_register_seeds_7" time="0.388" /><testcase classname="tests.test_await_backend.TestAuth" name="test_alex_login" time="0.521" /><testcase classname="tests.test_await_backend.TestAuth" name="test_wrong_password_401" time="0.340" /><testcase classname="tests.test_await_backend.TestXPlanHeader" name="test_me_plan_free_without_header" time="0.913" /><testcase classname="tests.test_await_backend.TestAuth" name="test_me" time="0.601" /><testcase classname="tests.test_await_backend.TestXPlanHeader" name="test_me_plan_pro_with_header" time="0.642" /><testcase classname="tests.test_await_backend.TestAuth" name="test_me_401_missing_token" time="0.078" /><testcase classname="tests.test_await_backend.TestMisc" name="test_stats" time="0.558" /><testcase classname="tests.test_await_backend.TestXPlanHeader" name="test_awaits_pro_returns_old_done_items" time="0.678" /><testcase classname="tests.test_await_backend.TestXPlanHeader" name="test_awaits_free_hides_old_done_items" time="0.568" /><testcase classname="tests.test_await_backend.TestMisc" name="test_reminders_tick" time="0.695" /><testcase classname="tests.test_await_backend.TestXPlanHeader" name="test_free_limit_bypassed_with_pro_header" time="1.541" /><testcase classname="tests.test_await_backend.TestMisc" name="test_plan_upgrade_removed" time="0.551" /><testcase classname="tests.test_await_backend.TestMisc" name="test_plan_restore_removed" time="0.387" /><testcase classname="tests.test_iteration3.TestPasswordReset" name="test_forgot_returns_ok_for_known" time="0.843" /><testcase classname="tests.test_iteration3.TestPasswordReset" name="test_forgot_returns_ok_for_unknown" time="0.081" /><testcase classname="tests.test_await_backend.TestAI" name="test_extract_sameer_match" time="5.153" /><testcase classname="tests.test_iteration3.TestPasswordReset" name="test_reset_bad_code_returns_400" time="2.260" /><testcase classname="tests.test_iteration3.TestPasswordReset" name="test_reset_success_via_seeded_code" time="2.174" /><testcase classname="tests.test_iteration3.TestExtractDocs" name="test_docx_extract" time="4.176" /><testcase classname="tests.test_await_backend.TestAI" name="test_extract_amazon_completion" time="3.861" /><testcase classname="tests.test_iteration3.TestExtractDocs" name="test_xlsx_extract" time="3.032" /><testcase classname="tests.test_await_backend.TestAI" name="test_extract_garbage" time="2.066" /><testcase classname="tests.test_await_backend.TestAI" name="test_followup_draft" time="1.509" /><testcase classname="tests.test_iteration3.TestExtractDocs" name="test_legacy_doc_unsupported" time="0.085" /><testcase classname="tests.test_iteration5.TestOwners" name="test_list_owners_shape_and_sort" time="0.076" /><testcase classname="tests.test_iteration5.TestOwners" name="test_owner_profile_case_insensitive_amazon" time="0.080" /><testcase classname="tests.test_iteration5.TestOwners" name="test_owner_profile_unknown_returns_404" time="0.074" /><testcase classname="tests.test_iteration8.TestAiTranscribe" name="test_transcribe_silence_returns_json_or_graceful_error" time="11.206" /><testcase classname="tests.test_iteration6.TestOwnerFollowup" name="test_owner_followup_draft_amazon_or_ai_limit" time="1.696" /><testcase classname="tests.test_iteration6.TestOwnerFollowup" name="test_owner_followup_draft_unknown_owner_404" time="0.096" /><testcase classname="tests.test_iteration6.TestOwnerFollowup" name="test_owner_followup_sent_rahul" time="0.230" /><testcase classname="tests.test_iteration4.TestWeeklyRecap" name="test_recap_shape_and_counts_consistent_with_awaits" time="0.211" /><testcase classname="tests.test_iteration4.TestWeeklyRecap" name="test_resolved_item_appears_in_recap_then_reopen" time="0.450" /><testcase classname="tests.test_iteration4.TestSnooze" name="test_snooze_with_until_sets_next_reminder_at_exactly" time="0.214" /><testcase classname="tests.test_iteration4.TestSnooze" name="test_snooze_with_only_days_works" time="0.201" /><testcase classname="tests.test_iteration5.TestStatsRecapMoney" name="test_stats_has_money_fields" time="0.198" /><testcase classname="tests.test_iteration5.TestStatsRecapMoney" name="test_recap_weekly_has_money_and_owes_owed" time="0.094" /><testcase classname="tests.test_iteration6.TestStatsMonthly" name="test_monthly_6_months_shape_and_reconcile" time="0.193" /><testcase classname="tests.test_iteration6.TestStatsMonthly" name="test_monthly_3_returns_3" time="0.103" /><testcase classname="tests.test_iteration7.TestCategoryInsights" name="test_stats_categories_shape_and_alex_slipRates" time="0.116" /><testcase classname="tests.test_iteration7.TestCategoryInsights" name="test_stats_categories_tips_content" time="0.108" /><testcase classname="tests.test_await_backend.TestAwaitCRUD" name="test_full_lifecycle" time="2.044" /><testcase classname="tests.test_await_backend.TestFreeLimit" name="test_11th_returns_402" time="0.987" /><testcase classname="tests.test_iteration3.TestSummaryToday" name="test_summary_alex" time="0.090" /><testcase classname="tests.test_iteration5.TestAwaitAmount" name="test_create_await_with_amount_and_currency" time="0.550" /><testcase classname="tests.test_iteration6.TestReminderLeadDays" name="test_create_with_lead_days_schedules_early_reminder" time="0.270" /><testcase classname="tests.test_iteration8.TestCalendarEventIdPatch" name="test_patch_calendar_event_id_persists" time="0.358" /><testcase classname="tests.test_iteration8.TestAiTranscribe" name="test_health_still_ok_after_transcribe" time="0.084" /><testcase classname="tests.test_iteration8.TestAiTranscribe" name="test_transcribe_requires_auth" time="0.084" /></testsuite></testsuites>