<?xml version="1.0" encoding="utf-8"?><testsuites name="pytest tests"><testsuite name="pytest" errors="0" failures="0" skipped="0" tests="4" time="8.009" timestamp="2026-09-16T13:17:46.304133+00:00" hostname="agent-env-b2ee679e-620e-43cb-8439-81fbe15fcd97"><testcase classname="tests.test_iteration8.TestAiTranscribe" name="test_transcribe_silence_returns_json_or_graceful_error" time="7.546" /><testcase classname="tests.test_iteration8.TestCalendarEventIdPatch" name="test_patch_calendar_event_id_persists" time="2.389" /><testcase classname="tests.test_iteration8.TestAiTranscribe" name="test_health_still_ok_after_transcribe" time="0.072" /><testcase classname="tests.test_iteration8.TestAiTranscribe" name="test_transcribe_requires_auth" time="0.068" /></testsuite></testsuites>