<?xml version="1.0" encoding="utf-8"?><testsuites name="pytest tests"><testsuite name="pytest" errors="0" failures="0" skipped="0" tests="12" time="2.515" timestamp="2026-09-16T12:59:30.833397+00:00" hostname="agent-env-b2ee679e-620e-43cb-8439-81fbe15fcd97"><testcase classname="tests.test_iteration7.TestTemplatesCRUD" name="test_01_create_weekly_template" time="0.806" /><testcase classname="tests.test_iteration7.TestCategoryInsights" name="test_stats_categories_shape_and_alex_slipRates" time="0.903" /><testcase classname="tests.test_iteration7.TestTemplatesCRUD" name="test_02_list_includes_created" time="0.144" /><testcase classname="tests.test_iteration7.TestCategoryInsights" name="test_stats_categories_tips_content" time="0.114" /><testcase classname="tests.test_iteration7.TestTemplatesCRUD" name="test_03_patch_to_monthly_dom15" time="0.108" /><testcase classname="tests.test_iteration7.TestTemplatesCRUD" name="test_04_patch_active_false" time="0.209" /><testcase classname="tests.test_iteration7.TestTemplatesCRUD" name="test_05_run_template_manual" time="0.209" /><testcase classname="tests.test_iteration7.TestTemplatesCRUD" name="test_06_templates_tick_nothing_due" time="0.136" /><testcase classname="tests.test_iteration7.TestTemplatesCRUD" name="test_07_patch_unknown_404" time="0.107" /><testcase classname="tests.test_iteration7.TestTemplatesCRUD" name="test_08_delete_template" time="0.204" /><testcase classname="tests.test_iteration7.TestTemplatesCRUD" name="test_09_cleanup_created_await" time="0.167" /><testcase classname="tests.test_iteration7.TestTemplatesCRUD" name="test_10_existing_monthly_rent_template_still_present" time="0.098" /></testsuite></testsuites>