<?xml version="1.0" encoding="utf-8"?><testsuites name="pytest tests"><testsuite name="pytest" errors="0" failures="0" skipped="0" tests="8" time="3.454" timestamp="2026-09-17T18:49:03.188645+00:00" hostname="agent-env-b2ee679e-620e-43cb-8439-81fbe15fcd97"><testcase classname="tests.test_iteration13.TestBulkReminderRestore" name="test_bulk_snooze_then_restore_reverts" time="1.563" /><testcase classname="tests.test_iteration13.TestBulkSnooze" name="test_bulk_snooze_reschedules_owned_items" time="1.975" /><testcase classname="tests.test_iteration13.TestBulkReminderRestore" name="test_bulk_restore_owner_scoped" time="1.032" /><testcase classname="tests.test_iteration13.TestBulkSnooze" name="test_bulk_snooze_owner_scoping" time="1.049" /><testcase classname="tests.test_iteration13.TestBulkReminderRestore" name="test_bulk_restore_empty" time="0.103" /><testcase classname="tests.test_iteration13.TestBulkAuthGuard" name="test_bulk_snooze_requires_auth" time="0.096" /><testcase classname="tests.test_iteration13.TestBulkAuthGuard" name="test_bulk_restore_requires_auth" time="0.099" /><testcase classname="tests.test_iteration13.TestBulkSnooze" name="test_bulk_snooze_empty_ids" time="0.094" /></testsuite></testsuites>