<?xml version="1.0" encoding="utf-8"?><testsuites name="pytest tests"><testsuite name="pytest" errors="0" failures="1" skipped="0" tests="12" time="27.847" timestamp="2026-09-16T13:45:40.843716+00:00" hostname="agent-env-b2ee679e-620e-43cb-8439-81fbe15fcd97"><testcase classname="tests.test_iteration9.TestLoginAndRateLimit" name="test_01_alex_login_success" time="0.474" /><testcase classname="tests.test_iteration9.TestLoginAndRateLimit" name="test_02_wrong_password_returns_401" time="0.222" /><testcase classname="tests.test_iteration9.TestLoginAndRateLimit" name="test_03_login_rate_limit_11th_returns_429" time="0.843" /><testcase classname="tests.test_iteration9.TestUploadSizeCap" name="test_transcribe_413_when_oversized" time="2.237" /><testcase classname="tests.test_iteration9.TestDocxZipBomb" name="test_zip_bomb_returns_413" time="0.730" /><testcase classname="tests.test_iteration9.TestUploadSizeCap" name="test_extract_413_when_image_oversized" time="15.765"><failure message="AssertionError: Internal Server Error&#10;assert 500 == 413&#10; +  where 500 = &lt;Response [500]&gt;.status_code">backend/tests/test_iteration9.py:119: in test_extract_413_when_image_oversized
    assert r.status_code == 413, r.text
E   AssertionError: Internal Server Error
E   assert 500 == 413
E    +  where 500 = &lt;Response [500]&gt;.status_code</failure></testcase><testcase classname="tests.test_iteration9.TestDocxZipBomb" name="test_small_docx_still_extracts" time="5.788" /><testcase classname="tests.test_iteration9.TestGuestRateLimit" name="test_guest_rate_limit" time="0.465" /><testcase classname="tests.test_iteration9.TestCorsPreflight" name="test_options_health_no_credentials" time="0.077" /><testcase classname="tests.test_iteration9.TestXPlanAbsentStillWorks" name="test_awaits_and_stats_without_xplan_header" time="0.164" /><testcase classname="tests.test_iteration9.TestUploadSizeCap" name="test_transcribe_small_wav_still_ok" time="9.201" /><testcase classname="tests.test_iteration9.TestNegativeAmount" name="test_negative_amount_normalised_to_null" time="0.295" /></testsuite></testsuites>