<?xml version="1.0" encoding="utf-8"?><testsuites name="pytest tests"><testsuite name="pytest" errors="0" failures="0" skipped="0" tests="7" time="2.183" timestamp="2026-09-17T18:15:50.531727+00:00" hostname="agent-env-b2ee679e-620e-43cb-8439-81fbe15fcd97"><testcase classname="tests.test_iteration12.TestReminderRestore" name="test_undo_snooze_restores_next_reminder" time="1.031" /><testcase classname="tests.test_iteration12.TestSanityRegression" name="test_awaits_list_ok" time="0.825" /><testcase classname="tests.test_iteration12.TestSanityRegression" name="test_stats_ok" time="0.122" /><testcase classname="tests.test_iteration12.TestSanityRegression" name="test_snooze_still_works" time="0.317" /><testcase classname="tests.test_iteration12.TestReminderRestore" name="test_reminder_restore_clamps_negative_ignored_count" time="0.391" /><testcase classname="tests.test_iteration12.TestReminderTimePatch" name="test_patch_sets_reminder_time_and_shifts_next_reminder" time="0.594" /><testcase classname="tests.test_iteration12.TestReminderTimeOnCreate" name="test_create_with_reminder_time_1800" time="0.262" /></testsuite></testsuites>