<?xml version="1.0" encoding="utf-8"?><testsuites name="pytest tests"><testsuite name="pytest" errors="0" failures="0" skipped="0" tests="8" time="9.648" timestamp="2026-09-16T11:02:57.903833+00:00" hostname="agent-env-b2ee679e-620e-43cb-8439-81fbe15fcd97"><testcase classname="tests.test_iteration3.TestPasswordReset" name="test_forgot_returns_ok_for_known" time="2.417" /><testcase classname="tests.test_iteration3.TestExtractDocs" name="test_docx_extract" time="5.800" /><testcase classname="tests.test_iteration3.TestPasswordReset" name="test_forgot_returns_ok_for_unknown" time="0.082" /><testcase classname="tests.test_iteration3.TestPasswordReset" name="test_reset_bad_code_returns_400" time="0.858" /><testcase classname="tests.test_iteration3.TestPasswordReset" name="test_reset_success_via_seeded_code" time="2.123" /><testcase classname="tests.test_iteration3.TestSummaryToday" name="test_summary_alex" time="0.394" /><testcase classname="tests.test_iteration3.TestExtractDocs" name="test_xlsx_extract" time="3.314" /><testcase classname="tests.test_iteration3.TestExtractDocs" name="test_legacy_doc_unsupported" time="0.070" /></testsuite></testsuites>