<?xml version="1.0" encoding="utf-8"?><testsuites name="pytest tests"><testsuite name="pytest" errors="0" failures="0" skipped="0" tests="93" time="46.200" timestamp="2026-09-17T18:49:11.388028+00:00" hostname="agent-env-b2ee679e-620e-43cb-8439-81fbe15fcd97"><testcase classname="tests.test_iteration7.TestTemplatesCRUD" name="test_01_create_weekly_template" time="0.443" /><testcase classname="tests.test_iteration7.TestTemplatesCRUD" name="test_02_list_includes_created" time="0.073" /><testcase classname="tests.test_iteration7.TestTemplatesCRUD" name="test_03_patch_to_monthly_dom15" time="0.068" /><testcase classname="tests.test_iteration7.TestTemplatesCRUD" name="test_04_patch_active_false" time="0.167" /><testcase classname="tests.test_iteration7.TestTemplatesCRUD" name="test_05_run_template_manual" time="0.137" /><testcase classname="tests.test_iteration7.TestTemplatesCRUD" name="test_06_templates_tick_nothing_due" time="0.062" /><testcase classname="tests.test_iteration7.TestTemplatesCRUD" name="test_07_patch_unknown_404" time="0.066" /><testcase classname="tests.test_iteration7.TestTemplatesCRUD" name="test_08_delete_template" time="0.132" /><testcase classname="tests.test_iteration7.TestTemplatesCRUD" name="test_09_cleanup_created_await" time="0.070" /><testcase classname="tests.test_iteration7.TestTemplatesCRUD" name="test_10_existing_monthly_rent_template_still_present" time="0.279" /><testcase classname="tests.test_await_backend.TestListFilters" name="test_include_done_false_returns_5" time="1.813" /><testcase classname="tests.test_await_backend.TestAuth" name="test_register_seeds_7" time="0.366" /><testcase classname="tests.test_await_backend.TestAuth" name="test_alex_login" time="0.455" /><testcase classname="tests.test_await_backend.TestAuth" name="test_wrong_password_401" time="0.285" /><testcase classname="tests.test_await_backend.TestListFilters" name="test_state_done_filter" time="0.826" /><testcase classname="tests.test_await_backend.TestAuth" name="test_me" time="0.072" /><testcase classname="tests.test_await_backend.TestAuth" name="test_me_401_missing_token" time="0.286" /><testcase classname="tests.test_await_backend.TestListFilters" name="test_category_refund" time="0.640" /><testcase classname="tests.test_await_backend.TestXPlanHeader" name="test_me_plan_free_without_header" time="0.359" /><testcase classname="tests.test_await_backend.TestXPlanHeader" name="test_me_plan_pro_with_header" time="0.537" /><testcase classname="tests.test_await_backend.TestListFilters" name="test_q_sameer" time="0.894" /><testcase classname="tests.test_await_backend.TestXPlanHeader" name="test_awaits_pro_returns_old_done_items" time="0.371" /><testcase classname="tests.test_await_backend.TestXPlanHeader" name="test_awaits_free_hides_old_done_items" time="0.526" /><testcase classname="tests.test_await_backend.TestListFilters" name="test_time_overdue" time="0.644" /><testcase classname="tests.test_await_backend.TestXPlanHeader" name="test_free_limit_bypassed_with_pro_header" time="1.384" /><testcase classname="tests.test_await_backend.TestListFilters" name="test_sort_az" time="0.587" /><testcase classname="tests.test_await_backend.TestMisc" name="test_stats" time="0.450" /><testcase classname="tests.test_await_backend.TestMisc" name="test_reminders_tick" time="0.634" /><testcase classname="tests.test_await_backend.TestAI" name="test_extract_sameer_match" time="5.250" /><testcase classname="tests.test_await_backend.TestMisc" name="test_plan_upgrade_removed" time="1.877" /><testcase classname="tests.test_await_backend.TestMisc" name="test_plan_restore_removed" time="0.424" /><testcase classname="tests.test_iteration3.TestPasswordReset" name="test_forgot_returns_ok_for_known" time="0.638" /><testcase classname="tests.test_iteration3.TestPasswordReset" name="test_forgot_returns_ok_for_unknown" time="0.101" /><testcase classname="tests.test_iteration3.TestPasswordReset" name="test_reset_bad_code_returns_400" time="1.021" /><testcase classname="tests.test_iteration3.TestPasswordReset" name="test_reset_success_via_seeded_code" time="2.240" /><testcase classname="tests.test_await_backend.TestAI" name="test_extract_amazon_completion" time="2.641" /><testcase classname="tests.test_iteration12.TestSanityRegression" name="test_awaits_list_ok" time="0.420" /><testcase classname="tests.test_iteration12.TestSanityRegression" name="test_stats_ok" time="0.102" /><testcase classname="tests.test_iteration12.TestSanityRegression" name="test_snooze_still_works" time="0.306" /><testcase classname="tests.test_iteration13.TestBulkSnooze" name="test_bulk_snooze_reschedules_owned_items" time="1.012" /><testcase classname="tests.test_await_backend.TestAI" name="test_extract_garbage" time="2.069" /><testcase classname="tests.test_iteration13.TestBulkSnooze" name="test_bulk_snooze_owner_scoping" time="0.996" /><testcase classname="tests.test_iteration13.TestBulkSnooze" name="test_bulk_snooze_empty_ids" time="0.123" /><testcase classname="tests.test_iteration3.TestExtractDocs" name="test_docx_extract" time="3.047" /><testcase classname="tests.test_await_backend.TestAI" name="test_followup_draft" time="1.348" /><testcase classname="tests.test_iteration13.TestBulkReminderRestore" name="test_bulk_snooze_then_restore_reverts" time="0.536" /><testcase classname="tests.test_iteration13.TestBulkReminderRestore" name="test_bulk_restore_owner_scoped" time="0.681" /><testcase classname="tests.test_iteration13.TestBulkReminderRestore" name="test_bulk_restore_empty" time="0.248" /><testcase classname="tests.test_iteration3.TestExtractDocs" name="test_xlsx_extract" time="3.751" /><testcase classname="tests.test_iteration5.TestOwners" name="test_list_owners_shape_and_sort" time="0.082" /><testcase classname="tests.test_iteration5.TestOwners" name="test_owner_profile_case_insensitive_amazon" time="0.205" /><testcase classname="tests.test_iteration5.TestOwners" name="test_owner_profile_unknown_returns_404" time="0.074" /><testcase classname="tests.test_iteration8.TestAiTranscribe" name="test_transcribe_silence_returns_json_or_graceful_error" time="22.419" /><testcase classname="tests.test_iteration3.TestExtractDocs" name="test_legacy_doc_unsupported" time="0.093" /><testcase classname="tests.test_iteration6.TestOwnerFollowup" name="test_owner_followup_draft_amazon_or_ai_limit" time="1.848" /><testcase classname="tests.test_iteration6.TestOwnerFollowup" name="test_owner_followup_draft_unknown_owner_404" time="0.108" /><testcase classname="tests.test_iteration6.TestOwnerFollowup" name="test_owner_followup_sent_rahul" time="0.210" /><testcase classname="tests.test_iteration9.TestLoginAndRateLimit" name="test_01_alex_login_success" time="0.311" /><testcase classname="tests.test_iteration9.TestLoginAndRateLimit" name="test_02_wrong_password_returns_401" time="0.081" /><testcase classname="tests.test_iteration9.TestLoginAndRateLimit" name="test_03_login_rate_limit_11th_returns_429" time="1.031" /><testcase classname="tests.test_iteration9.TestUploadSizeCap" name="test_transcribe_413_when_oversized" time="1.520" /><testcase classname="tests.test_iteration9.TestUploadSizeCap" name="test_extract_413_when_image_oversized" time="1.964" /><testcase classname="tests.test_iteration9.TestUploadSizeCap" name="test_transcribe_small_wav_still_ok" time="5.502" /><testcase classname="tests.test_iteration12.TestReminderRestore" name="test_undo_snooze_restores_next_reminder" time="0.482" /><testcase classname="tests.test_iteration12.TestReminderRestore" name="test_reminder_restore_clamps_negative_ignored_count" time="0.402" /><testcase classname="tests.test_iteration13.TestBulkAuthGuard" name="test_bulk_snooze_requires_auth" time="0.093" /><testcase classname="tests.test_iteration13.TestBulkAuthGuard" name="test_bulk_restore_requires_auth" time="0.097" /><testcase classname="tests.test_iteration4.TestWeeklyRecap" name="test_recap_shape_and_counts_consistent_with_awaits" time="0.181" /><testcase classname="tests.test_iteration4.TestWeeklyRecap" name="test_resolved_item_appears_in_recap_then_reopen" time="0.366" /><testcase classname="tests.test_iteration4.TestSnooze" name="test_snooze_with_until_sets_next_reminder_at_exactly" time="0.214" /><testcase classname="tests.test_iteration4.TestSnooze" name="test_snooze_with_only_days_works" time="0.210" /><testcase classname="tests.test_iteration5.TestStatsRecapMoney" name="test_stats_has_money_fields" time="0.163" /><testcase classname="tests.test_iteration5.TestStatsRecapMoney" name="test_recap_weekly_has_money_and_owes_owed" time="0.098" /><testcase classname="tests.test_iteration6.TestStatsMonthly" name="test_monthly_6_months_shape_and_reconcile" time="0.184" /><testcase classname="tests.test_iteration6.TestStatsMonthly" name="test_monthly_3_returns_3" time="0.096" /><testcase classname="tests.test_iteration7.TestCategoryInsights" name="test_stats_categories_shape_and_alex_slipRates" time="0.104" /><testcase classname="tests.test_iteration7.TestCategoryInsights" name="test_stats_categories_tips_content" time="0.113" /><testcase classname="tests.test_iteration9.TestDocxZipBomb" name="test_zip_bomb_returns_413" time="0.779" /><testcase classname="tests.test_iteration9.TestDocxZipBomb" name="test_small_docx_still_extracts" time="2.921" /><testcase classname="tests.test_iteration8.TestAiTranscribe" name="test_health_still_ok_after_transcribe" time="0.075" /><testcase classname="tests.test_iteration8.TestAiTranscribe" name="test_transcribe_requires_auth" time="0.263" /><testcase classname="tests.test_iteration12.TestReminderTimeOnCreate" name="test_create_with_reminder_time_1800" time="0.295" /><testcase classname="tests.test_await_backend.TestAwaitCRUD" name="test_full_lifecycle" time="2.443" /><testcase classname="tests.test_iteration3.TestSummaryToday" name="test_summary_alex" time="0.071" /><testcase classname="tests.test_iteration5.TestAwaitAmount" name="test_create_await_with_amount_and_currency" time="0.555" /><testcase classname="tests.test_iteration6.TestReminderLeadDays" name="test_create_with_lead_days_schedules_early_reminder" time="0.190" /><testcase classname="tests.test_iteration8.TestCalendarEventIdPatch" name="test_patch_calendar_event_id_persists" time="0.316" /><testcase classname="tests.test_iteration9.TestGuestRateLimit" name="test_guest_rate_limit" time="0.542" /><testcase classname="tests.test_iteration9.TestNegativeAmount" name="test_negative_amount_normalised_to_null" time="0.207" /><testcase classname="tests.test_await_backend.TestFreeLimit" name="test_11th_returns_402" time="0.957" /><testcase classname="tests.test_iteration9.TestCorsPreflight" name="test_options_health_no_credentials" time="0.271" /><testcase classname="tests.test_iteration9.TestXPlanAbsentStillWorks" name="test_awaits_and_stats_without_xplan_header" time="0.139" /><testcase classname="tests.test_iteration12.TestReminderTimePatch" name="test_patch_sets_reminder_time_and_shifts_next_reminder" time="0.568" /></testsuite></testsuites>