<?xml version="1.0" encoding="utf-8"?><testsuites name="pytest tests"><testsuite name="pytest" errors="0" failures="0" skipped="0" tests="12" time="9.575" timestamp="2026-09-17T17:39:02.773618+00:00" hostname="agent-env-b2ee679e-620e-43cb-8439-81fbe15fcd97"><testcase classname="tests.test_iteration9.TestLoginAndRateLimit" name="test_01_alex_login_success" time="0.458" /><testcase classname="tests.test_iteration9.TestLoginAndRateLimit" name="test_02_wrong_password_returns_401" time="0.221" /><testcase classname="tests.test_iteration9.TestLoginAndRateLimit" name="test_03_login_rate_limit_11th_returns_429" time="0.789" /><testcase classname="tests.test_iteration9.TestUploadSizeCap" name="test_transcribe_413_when_oversized" time="1.864" /><testcase classname="tests.test_iteration9.TestDocxZipBomb" name="test_zip_bomb_returns_413" time="0.776" /><testcase classname="tests.test_iteration9.TestUploadSizeCap" name="test_extract_413_when_image_oversized" time="2.633" /><testcase classname="tests.test_iteration9.TestDocxZipBomb" name="test_small_docx_still_extracts" time="4.648" /><testcase classname="tests.test_iteration9.TestUploadSizeCap" name="test_transcribe_small_wav_still_ok" time="4.265" /><testcase classname="tests.test_iteration9.TestGuestRateLimit" name="test_guest_rate_limit" time="0.465" /><testcase classname="tests.test_iteration9.TestCorsPreflight" name="test_options_health_no_credentials" time="0.070" /><testcase classname="tests.test_iteration9.TestNegativeAmount" name="test_negative_amount_normalised_to_null" time="0.288" /><testcase classname="tests.test_iteration9.TestXPlanAbsentStillWorks" name="test_awaits_and_stats_without_xplan_header" time="0.182" /></testsuite></testsuites>