<?xml version="1.0" encoding="utf-8"?><testsuites name="pytest tests"><testsuite name="pytest" errors="0" failures="0" skipped="0" tests="66" time="25.404" timestamp="2026-09-17T18:19:18.527922+00:00" hostname="agent-env-b2ee679e-620e-43cb-8439-81fbe15fcd97"><testcase classname="tests.test_iteration7.TestTemplatesCRUD" name="test_01_create_weekly_template" time="0.708" /><testcase classname="tests.test_iteration7.TestTemplatesCRUD" name="test_02_list_includes_created" time="0.099" /><testcase classname="tests.test_await_backend.TestListFilters" name="test_include_done_false_returns_5" time="0.814" /><testcase classname="tests.test_iteration7.TestTemplatesCRUD" name="test_03_patch_to_monthly_dom15" time="0.308" /><testcase classname="tests.test_iteration7.TestTemplatesCRUD" name="test_04_patch_active_false" time="0.386" /><testcase classname="tests.test_await_backend.TestListFilters" name="test_state_done_filter" time="0.380" /><testcase classname="tests.test_iteration7.TestTemplatesCRUD" name="test_05_run_template_manual" time="0.379" /><testcase classname="tests.test_await_backend.TestListFilters" name="test_category_refund" time="0.393" /><testcase classname="tests.test_iteration7.TestTemplatesCRUD" name="test_06_templates_tick_nothing_due" time="0.122" /><testcase classname="tests.test_await_backend.TestListFilters" name="test_q_sameer" time="0.421" /><testcase classname="tests.test_iteration7.TestTemplatesCRUD" name="test_07_patch_unknown_404" time="0.306" /><testcase classname="tests.test_iteration7.TestTemplatesCRUD" name="test_08_delete_template" time="0.380" /><testcase classname="tests.test_await_backend.TestListFilters" name="test_time_overdue" time="0.379" /><testcase classname="tests.test_iteration7.TestTemplatesCRUD" name="test_09_cleanup_created_await" time="0.091" /><testcase classname="tests.test_await_backend.TestListFilters" name="test_sort_az" time="0.423" /><testcase classname="tests.test_iteration7.TestTemplatesCRUD" name="test_10_existing_monthly_rent_template_still_present" time="0.082" /><testcase classname="tests.test_await_backend.TestXPlanHeader" name="test_me_plan_free_without_header" time="0.564" /><testcase classname="tests.test_await_backend.TestAuth" name="test_register_seeds_7" time="0.655" /><testcase classname="tests.test_await_backend.TestAuth" name="test_alex_login" time="0.487" /><testcase classname="tests.test_await_backend.TestAuth" name="test_wrong_password_401" time="0.294" /><testcase classname="tests.test_await_backend.TestXPlanHeader" name="test_me_plan_pro_with_header" time="0.821" /><testcase classname="tests.test_await_backend.TestAuth" name="test_me" time="0.527" /><testcase classname="tests.test_await_backend.TestXPlanHeader" name="test_awaits_pro_returns_old_done_items" time="0.606" /><testcase classname="tests.test_await_backend.TestAuth" name="test_me_401_missing_token" time="0.138" /><testcase classname="tests.test_await_backend.TestXPlanHeader" name="test_awaits_free_hides_old_done_items" time="0.632" /><testcase classname="tests.test_await_backend.TestMisc" name="test_stats" time="0.546" /><testcase classname="tests.test_await_backend.TestXPlanHeader" name="test_free_limit_bypassed_with_pro_header" time="1.442" /><testcase classname="tests.test_await_backend.TestMisc" name="test_reminders_tick" time="0.622" /><testcase classname="tests.test_await_backend.TestMisc" name="test_plan_upgrade_removed" time="0.394" /><testcase classname="tests.test_await_backend.TestMisc" name="test_plan_restore_removed" time="0.458" /><testcase classname="tests.test_iteration3.TestPasswordReset" name="test_forgot_returns_ok_for_known" time="2.046" /><testcase classname="tests.test_await_backend.TestAI" name="test_extract_sameer_match" time="4.911" /><testcase classname="tests.test_iteration3.TestPasswordReset" name="test_forgot_returns_ok_for_unknown" time="0.076" /><testcase classname="tests.test_iteration3.TestPasswordReset" name="test_reset_bad_code_returns_400" time="0.927" /><testcase classname="tests.test_iteration3.TestPasswordReset" name="test_reset_success_via_seeded_code" time="2.190" /><testcase classname="tests.test_await_backend.TestAI" name="test_extract_amazon_completion" time="2.389" /><testcase classname="tests.test_iteration3.TestExtractDocs" name="test_docx_extract" time="3.147" /><testcase classname="tests.test_await_backend.TestAI" name="test_extract_garbage" time="1.849" /><testcase classname="tests.test_iteration3.TestExtractDocs" name="test_xlsx_extract" time="3.005" /><testcase classname="tests.test_await_backend.TestAI" name="test_followup_draft" time="1.386" /><testcase classname="tests.test_iteration5.TestOwners" name="test_list_owners_shape_and_sort" time="0.088" /><testcase classname="tests.test_iteration5.TestOwners" name="test_owner_profile_case_insensitive_amazon" time="0.073" /><testcase classname="tests.test_iteration5.TestOwners" name="test_owner_profile_unknown_returns_404" time="0.088" /><testcase classname="tests.test_iteration8.TestAiTranscribe" name="test_transcribe_silence_returns_json_or_graceful_error" time="4.642" /><testcase classname="tests.test_iteration3.TestExtractDocs" name="test_legacy_doc_unsupported" time="0.094" /><testcase classname="tests.test_iteration6.TestOwnerFollowup" name="test_owner_followup_draft_amazon_or_ai_limit" time="1.624" /><testcase classname="tests.test_iteration6.TestOwnerFollowup" name="test_owner_followup_draft_unknown_owner_404" time="0.083" /><testcase classname="tests.test_iteration6.TestOwnerFollowup" name="test_owner_followup_sent_rahul" time="0.268" /><testcase classname="tests.test_iteration4.TestWeeklyRecap" name="test_recap_shape_and_counts_consistent_with_awaits" time="0.169" /><testcase classname="tests.test_iteration4.TestWeeklyRecap" name="test_resolved_item_appears_in_recap_then_reopen" time="0.311" /><testcase classname="tests.test_iteration4.TestSnooze" name="test_snooze_with_until_sets_next_reminder_at_exactly" time="0.173" /><testcase classname="tests.test_iteration4.TestSnooze" name="test_snooze_with_only_days_works" time="0.153" /><testcase classname="tests.test_iteration5.TestStatsRecapMoney" name="test_stats_has_money_fields" time="0.171" /><testcase classname="tests.test_iteration5.TestStatsRecapMoney" name="test_recap_weekly_has_money_and_owes_owed" time="0.079" /><testcase classname="tests.test_iteration6.TestStatsMonthly" name="test_monthly_6_months_shape_and_reconcile" time="0.148" /><testcase classname="tests.test_iteration6.TestStatsMonthly" name="test_monthly_3_returns_3" time="0.075" /><testcase classname="tests.test_iteration7.TestCategoryInsights" name="test_stats_categories_shape_and_alex_slipRates" time="0.075" /><testcase classname="tests.test_iteration7.TestCategoryInsights" name="test_stats_categories_tips_content" time="0.077" /><testcase classname="tests.test_await_backend.TestAwaitCRUD" name="test_full_lifecycle" time="2.194" /><testcase classname="tests.test_iteration8.TestAiTranscribe" name="test_health_still_ok_after_transcribe" time="0.121" /><testcase classname="tests.test_iteration8.TestAiTranscribe" name="test_transcribe_requires_auth" time="0.123" /><testcase classname="tests.test_iteration5.TestAwaitAmount" name="test_create_await_with_amount_and_currency" time="0.701" /><testcase classname="tests.test_iteration6.TestReminderLeadDays" name="test_create_with_lead_days_schedules_early_reminder" time="0.250" /><testcase classname="tests.test_iteration8.TestCalendarEventIdPatch" name="test_patch_calendar_event_id_persists" time="0.457" /><testcase classname="tests.test_await_backend.TestFreeLimit" name="test_11th_returns_402" time="0.813" /><testcase classname="tests.test_iteration3.TestSummaryToday" name="test_summary_alex" time="0.075" /></testsuite></testsuites>