<?xml version="1.0" encoding="utf-8"?><testsuites name="pytest tests"><testsuite name="pytest" errors="17" failures="2" skipped="0" tests="78" time="23.940" timestamp="2026-09-17T17:37:24.854180+00:00" hostname="agent-env-b2ee679e-620e-43cb-8439-81fbe15fcd97"><testcase classname="tests.test_iteration7.TestTemplatesCRUD" name="test_01_create_weekly_template" time="0.668" /><testcase classname="tests.test_iteration7.TestTemplatesCRUD" name="test_02_list_includes_created" time="0.058" /><testcase classname="tests.test_await_backend.TestListFilters" name="test_include_done_false_returns_5" time="0.763" /><testcase classname="tests.test_iteration7.TestTemplatesCRUD" name="test_03_patch_to_monthly_dom15" time="0.083" /><testcase classname="tests.test_iteration7.TestTemplatesCRUD" name="test_04_patch_active_false" time="0.322" /><testcase classname="tests.test_await_backend.TestListFilters" name="test_state_done_filter" time="0.396" /><testcase classname="tests.test_iteration7.TestTemplatesCRUD" name="test_05_run_template_manual" time="0.336" /><testcase classname="tests.test_iteration7.TestTemplatesCRUD" name="test_06_templates_tick_nothing_due" time="0.064" /><testcase classname="tests.test_await_backend.TestListFilters" name="test_category_refund" time="0.397" /><testcase classname="tests.test_iteration7.TestTemplatesCRUD" name="test_07_patch_unknown_404" time="0.062" /><testcase classname="tests.test_iteration7.TestTemplatesCRUD" name="test_08_delete_template" time="0.345" /><testcase classname="tests.test_await_backend.TestListFilters" name="test_q_sameer" time="0.394" /><testcase classname="tests.test_iteration7.TestTemplatesCRUD" name="test_09_cleanup_created_await" time="0.068" /><testcase classname="tests.test_iteration7.TestTemplatesCRUD" name="test_10_existing_monthly_rent_template_still_present" time="0.262" /><testcase classname="tests.test_await_backend.TestListFilters" name="test_time_overdue" time="0.619" /><testcase classname="tests.test_await_backend.TestAuth" name="test_register_seeds_7" time="0.365" /><testcase classname="tests.test_await_backend.TestAuth" name="test_alex_login" time="0.454" /><testcase classname="tests.test_await_backend.TestAuth" name="test_wrong_password_401" time="0.281" /><testcase classname="tests.test_await_backend.TestListFilters" name="test_sort_az" time="0.825" /><testcase classname="tests.test_await_backend.TestAuth" name="test_me" time="0.065" /><testcase classname="tests.test_await_backend.TestAuth" name="test_me_401_missing_token" time="0.264" /><testcase classname="tests.test_await_backend.TestXPlanHeader" name="test_me_plan_free_without_header" time="0.602" /><testcase classname="tests.test_await_backend.TestMisc" name="test_stats" time="0.354" /><testcase classname="tests.test_await_backend.TestMisc" name="test_reminders_tick" time="0.586" /><testcase classname="tests.test_await_backend.TestXPlanHeader" name="test_me_plan_pro_with_header" time="0.689" /><testcase classname="tests.test_await_backend.TestXPlanHeader" name="test_awaits_pro_returns_old_done_items" time="0.562" /><testcase classname="tests.test_await_backend.TestMisc" name="test_plan_upgrade_removed" time="0.624" /><testcase classname="tests.test_await_backend.TestMisc" name="test_plan_restore_removed" time="0.584" /><testcase classname="tests.test_await_backend.TestXPlanHeader" name="test_awaits_free_hides_old_done_items" time="0.624" /><testcase classname="tests.test_await_backend.TestXPlanHeader" name="test_free_limit_bypassed_with_pro_header" time="1.035" /><testcase classname="tests.test_await_backend.TestAI" name="test_extract_sameer_match" time="2.938" /><testcase classname="tests.test_iteration3.TestPasswordReset" name="test_forgot_returns_ok_for_known" time="0.733" /><testcase classname="tests.test_iteration3.TestPasswordReset" name="test_forgot_returns_ok_for_unknown" time="0.074" /><testcase classname="tests.test_iteration3.TestPasswordReset" name="test_reset_bad_code_returns_400" time="0.926" /><testcase classname="tests.test_iteration3.TestPasswordReset" name="test_reset_success_via_seeded_code" time="2.161" /><testcase classname="tests.test_await_backend.TestAI" name="test_extract_amazon_completion" time="2.955" /><testcase classname="tests.test_iteration3.TestExtractDocs" name="test_docx_extract" time="2.952" /><testcase classname="tests.test_await_backend.TestAI" name="test_extract_garbage" time="1.843" /><testcase classname="tests.test_await_backend.TestAI" name="test_followup_draft" time="1.618" /><testcase classname="tests.test_iteration3.TestExtractDocs" name="test_xlsx_extract" time="3.767" /><testcase classname="tests.test_iteration5.TestOwners" name="test_list_owners_shape_and_sort" time="0.067" /><testcase classname="tests.test_iteration5.TestOwners" name="test_owner_profile_case_insensitive_amazon" time="0.070" /><testcase classname="tests.test_iteration5.TestOwners" name="test_owner_profile_unknown_returns_404" time="0.063" /><testcase classname="tests.test_iteration8.TestAiTranscribe" name="test_transcribe_silence_returns_json_or_graceful_error" time="5.481" /><testcase classname="tests.test_iteration3.TestExtractDocs" name="test_legacy_doc_unsupported" time="0.120" /><testcase classname="tests.test_iteration6.TestOwnerFollowup" name="test_owner_followup_draft_amazon_or_ai_limit" time="0.186"><error message="failed on setup with &quot;AssertionError: {&quot;detail&quot;:&quot;An account with this email already exists&quot;}&#10;assert 409 in (200, 201)&#10; +  where 409 = &lt;Response [409]&gt;.status_code&quot;">E   AssertionError: {"detail":"An account with this email already exists"}
    assert 409 in (200, 201)
     +  where 409 = &lt;Response [409]&gt;.status_code</error></testcase><testcase classname="tests.test_iteration6.TestOwnerFollowup" name="test_owner_followup_draft_unknown_owner_404" time="0.000"><error message="failed on setup with &quot;AssertionError: {&quot;detail&quot;:&quot;An account with this email already exists&quot;}&#10;assert 409 in (200, 201)&#10; +  where 409 = &lt;Response [409]&gt;.status_code&quot;">E   AssertionError: {"detail":"An account with this email already exists"}
    assert 409 in (200, 201)
     +  where 409 = &lt;Response [409]&gt;.status_code</error></testcase><testcase classname="tests.test_iteration6.TestOwnerFollowup" name="test_owner_followup_sent_rahul" time="0.000"><error message="failed on setup with &quot;AssertionError: {&quot;detail&quot;:&quot;An account with this email already exists&quot;}&#10;assert 409 in (200, 201)&#10; +  where 409 = &lt;Response [409]&gt;.status_code&quot;">E   AssertionError: {"detail":"An account with this email already exists"}
    assert 409 in (200, 201)
     +  where 409 = &lt;Response [409]&gt;.status_code</error></testcase><testcase classname="tests.test_iteration9.TestLoginAndRateLimit" name="test_01_alex_login_success" time="0.129"><failure message="AssertionError: {&quot;detail&quot;:{&quot;code&quot;:&quot;RATE_LIMITED&quot;,&quot;message&quot;:&quot;Too many sign-in attempts. Try again in a few minutes.&quot;}}&#10;assert 429 == 200&#10; +  where 429 = &lt;Response [429]&gt;.status_code">E   AssertionError: {"detail":{"code":"RATE_LIMITED","message":"Too many sign-in attempts. Try again in a few minutes."}}
    assert 429 == 200
     +  where 429 = &lt;Response [429]&gt;.status_code</failure></testcase><testcase classname="tests.test_iteration9.TestLoginAndRateLimit" name="test_02_wrong_password_returns_401" time="0.117"><failure message="AssertionError: {&quot;detail&quot;:{&quot;code&quot;:&quot;RATE_LIMITED&quot;,&quot;message&quot;:&quot;Too many sign-in attempts. Try again in a few minutes.&quot;}}&#10;assert 429 == 401&#10; +  where 429 = &lt;Response [429]&gt;.status_code">E   AssertionError: {"detail":{"code":"RATE_LIMITED","message":"Too many sign-in attempts. Try again in a few minutes."}}
    assert 429 == 401
     +  where 429 = &lt;Response [429]&gt;.status_code</failure></testcase><testcase classname="tests.test_iteration9.TestLoginAndRateLimit" name="test_03_login_rate_limit_11th_returns_429" time="0.091" /><testcase classname="tests.test_iteration9.TestUploadSizeCap" name="test_transcribe_413_when_oversized" time="0.000"><error message="failed on setup with &quot;AssertionError: {&quot;detail&quot;:&quot;An account with this email already exists&quot;}&#10;assert 409 in (200, 201)&#10; +  where 409 = &lt;Response [409]&gt;.status_code&quot;">E   AssertionError: {"detail":"An account with this email already exists"}
    assert 409 in (200, 201)
     +  where 409 = &lt;Response [409]&gt;.status_code</error></testcase><testcase classname="tests.test_iteration9.TestUploadSizeCap" name="test_extract_413_when_image_oversized" time="1.453" /><testcase classname="tests.test_iteration9.TestUploadSizeCap" name="test_transcribe_small_wav_still_ok" time="0.000"><error message="failed on setup with &quot;AssertionError: {&quot;detail&quot;:&quot;An account with this email already exists&quot;}&#10;assert 409 in (200, 201)&#10; +  where 409 = &lt;Response [409]&gt;.status_code&quot;">E   AssertionError: {"detail":"An account with this email already exists"}
    assert 409 in (200, 201)
     +  where 409 = &lt;Response [409]&gt;.status_code</error></testcase><testcase classname="tests.test_iteration4.TestWeeklyRecap" name="test_recap_shape_and_counts_consistent_with_awaits" time="0.000"><error message="failed on setup with &quot;AssertionError: {&quot;detail&quot;:&quot;An account with this email already exists&quot;}&#10;assert 409 in (200, 201)&#10; +  where 409 = &lt;Response [409]&gt;.status_code&quot;">E   AssertionError: {"detail":"An account with this email already exists"}
    assert 409 in (200, 201)
     +  where 409 = &lt;Response [409]&gt;.status_code</error></testcase><testcase classname="tests.test_iteration4.TestWeeklyRecap" name="test_resolved_item_appears_in_recap_then_reopen" time="0.000"><error message="failed on setup with &quot;AssertionError: {&quot;detail&quot;:&quot;An account with this email already exists&quot;}&#10;assert 409 in (200, 201)&#10; +  where 409 = &lt;Response [409]&gt;.status_code&quot;">E   AssertionError: {"detail":"An account with this email already exists"}
    assert 409 in (200, 201)
     +  where 409 = &lt;Response [409]&gt;.status_code</error></testcase><testcase classname="tests.test_iteration4.TestSnooze" name="test_snooze_with_until_sets_next_reminder_at_exactly" time="0.000"><error message="failed on setup with &quot;AssertionError: {&quot;detail&quot;:&quot;An account with this email already exists&quot;}&#10;assert 409 in (200, 201)&#10; +  where 409 = &lt;Response [409]&gt;.status_code&quot;">E   AssertionError: {"detail":"An account with this email already exists"}
    assert 409 in (200, 201)
     +  where 409 = &lt;Response [409]&gt;.status_code</error></testcase><testcase classname="tests.test_iteration4.TestSnooze" name="test_snooze_with_only_days_works" time="0.000"><error message="failed on setup with &quot;AssertionError: {&quot;detail&quot;:&quot;An account with this email already exists&quot;}&#10;assert 409 in (200, 201)&#10; +  where 409 = &lt;Response [409]&gt;.status_code&quot;">E   AssertionError: {"detail":"An account with this email already exists"}
    assert 409 in (200, 201)
     +  where 409 = &lt;Response [409]&gt;.status_code</error></testcase><testcase classname="tests.test_iteration5.TestStatsRecapMoney" name="test_stats_has_money_fields" time="0.000"><error message="failed on setup with &quot;AssertionError: {&quot;detail&quot;:&quot;An account with this email already exists&quot;}&#10;assert 409 in (200, 201)&#10; +  where 409 = &lt;Response [409]&gt;.status_code&quot;">E   AssertionError: {"detail":"An account with this email already exists"}
    assert 409 in (200, 201)
     +  where 409 = &lt;Response [409]&gt;.status_code</error></testcase><testcase classname="tests.test_iteration5.TestStatsRecapMoney" name="test_recap_weekly_has_money_and_owes_owed" time="0.000"><error message="failed on setup with &quot;AssertionError: {&quot;detail&quot;:&quot;An account with this email already exists&quot;}&#10;assert 409 in (200, 201)&#10; +  where 409 = &lt;Response [409]&gt;.status_code&quot;">E   AssertionError: {"detail":"An account with this email already exists"}
    assert 409 in (200, 201)
     +  where 409 = &lt;Response [409]&gt;.status_code</error></testcase><testcase classname="tests.test_iteration6.TestStatsMonthly" name="test_monthly_6_months_shape_and_reconcile" time="0.000"><error message="failed on setup with &quot;AssertionError: {&quot;detail&quot;:&quot;An account with this email already exists&quot;}&#10;assert 409 in (200, 201)&#10; +  where 409 = &lt;Response [409]&gt;.status_code&quot;">E   AssertionError: {"detail":"An account with this email already exists"}
    assert 409 in (200, 201)
     +  where 409 = &lt;Response [409]&gt;.status_code</error></testcase><testcase classname="tests.test_iteration6.TestStatsMonthly" name="test_monthly_3_returns_3" time="0.000"><error message="failed on setup with &quot;AssertionError: {&quot;detail&quot;:&quot;An account with this email already exists&quot;}&#10;assert 409 in (200, 201)&#10; +  where 409 = &lt;Response [409]&gt;.status_code&quot;">E   AssertionError: {"detail":"An account with this email already exists"}
    assert 409 in (200, 201)
     +  where 409 = &lt;Response [409]&gt;.status_code</error></testcase><testcase classname="tests.test_iteration7.TestCategoryInsights" name="test_stats_categories_shape_and_alex_slipRates" time="0.000"><error message="failed on setup with &quot;AssertionError: {&quot;detail&quot;:&quot;An account with this email already exists&quot;}&#10;assert 409 in (200, 201)&#10; +  where 409 = &lt;Response [409]&gt;.status_code&quot;">E   AssertionError: {"detail":"An account with this email already exists"}
    assert 409 in (200, 201)
     +  where 409 = &lt;Response [409]&gt;.status_code</error></testcase><testcase classname="tests.test_iteration7.TestCategoryInsights" name="test_stats_categories_tips_content" time="0.000"><error message="failed on setup with &quot;AssertionError: {&quot;detail&quot;:&quot;An account with this email already exists&quot;}&#10;assert 409 in (200, 201)&#10; +  where 409 = &lt;Response [409]&gt;.status_code&quot;">E   AssertionError: {"detail":"An account with this email already exists"}
    assert 409 in (200, 201)
     +  where 409 = &lt;Response [409]&gt;.status_code</error></testcase><testcase classname="tests.test_iteration9.TestDocxZipBomb" name="test_zip_bomb_returns_413" time="0.694" /><testcase classname="tests.test_iteration9.TestDocxZipBomb" name="test_small_docx_still_extracts" time="0.000"><error message="failed on setup with &quot;AssertionError: {&quot;detail&quot;:&quot;An account with this email already exists&quot;}&#10;assert 409 in (200, 201)&#10; +  where 409 = &lt;Response [409]&gt;.status_code&quot;">E   AssertionError: {"detail":"An account with this email already exists"}
    assert 409 in (200, 201)
     +  where 409 = &lt;Response [409]&gt;.status_code</error></testcase><testcase classname="tests.test_await_backend.TestAwaitCRUD" name="test_full_lifecycle" time="2.168" /><testcase classname="tests.test_iteration8.TestAiTranscribe" name="test_health_still_ok_after_transcribe" time="0.061" /><testcase classname="tests.test_iteration8.TestAiTranscribe" name="test_transcribe_requires_auth" time="0.061" /><testcase classname="tests.test_iteration5.TestAwaitAmount" name="test_create_await_with_amount_and_currency" time="0.377" /><testcase classname="tests.test_iteration6.TestReminderLeadDays" name="test_create_with_lead_days_schedules_early_reminder" time="0.239" /><testcase classname="tests.test_iteration8.TestCalendarEventIdPatch" name="test_patch_calendar_event_id_persists" time="0.250" /><testcase classname="tests.test_iteration9.TestGuestRateLimit" name="test_guest_rate_limit" time="0.468" /><testcase classname="tests.test_iteration9.TestNegativeAmount" name="test_negative_amount_normalised_to_null" time="0.195" /><testcase classname="tests.test_await_backend.TestFreeLimit" name="test_11th_returns_402" time="0.851" /><testcase classname="tests.test_iteration9.TestCorsPreflight" name="test_options_health_no_credentials" time="0.062" /><testcase classname="tests.test_iteration9.TestXPlanAbsentStillWorks" name="test_awaits_and_stats_without_xplan_header" time="0.294" /><testcase classname="tests.test_iteration3.TestSummaryToday" name="test_summary_alex" time="0.000"><error message="failed on setup with &quot;AssertionError: {&quot;detail&quot;:&quot;An account with this email already exists&quot;}&#10;assert 409 in (200, 201)&#10; +  where 409 = &lt;Response [409]&gt;.status_code&quot;">E   AssertionError: {"detail":"An account with this email already exists"}
    assert 409 in (200, 201)
     +  where 409 = &lt;Response [409]&gt;.status_code</error></testcase></testsuite></testsuites>