<?xml version="1.0" encoding="utf-8"?><testsuites name="pytest tests"><testsuite name="pytest" errors="0" failures="0" skipped="0" tests="12" time="22.531" timestamp="2026-09-17T18:15:56.867691+00:00" hostname="agent-env-b2ee679e-620e-43cb-8439-81fbe15fcd97"><testcase classname="tests.test_iteration9.TestLoginAndRateLimit" name="test_01_alex_login_success" time="0.642" /><testcase classname="tests.test_iteration9.TestUploadSizeCap" name="test_transcribe_413_when_oversized" time="1.732" /><testcase classname="tests.test_iteration9.TestLoginAndRateLimit" name="test_02_wrong_password_returns_401" time="0.091" /><testcase classname="tests.test_iteration9.TestLoginAndRateLimit" name="test_03_login_rate_limit_11th_returns_429" time="1.028" /><testcase classname="tests.test_iteration9.TestUploadSizeCap" name="test_extract_413_when_image_oversized" time="3.309" /><testcase classname="tests.test_iteration9.TestDocxZipBomb" name="test_zip_bomb_returns_413" time="0.974" /><testcase classname="tests.test_iteration9.TestDocxZipBomb" name="test_small_docx_still_extracts" time="19.112" /><testcase classname="tests.test_iteration9.TestUploadSizeCap" name="test_transcribe_small_wav_still_ok" time="5.599" /><testcase classname="tests.test_iteration9.TestGuestRateLimit" name="test_guest_rate_limit" time="0.694" /><testcase classname="tests.test_iteration9.TestXPlanAbsentStillWorks" name="test_awaits_and_stats_without_xplan_header" time="0.200" /><testcase classname="tests.test_iteration9.TestNegativeAmount" name="test_negative_amount_normalised_to_null" time="0.264" /><testcase classname="tests.test_iteration9.TestCorsPreflight" name="test_options_health_no_credentials" time="0.075" /></testsuite></testsuites>