<?xml version="1.0" encoding="utf-8"?><testsuites name="pytest tests"><testsuite name="pytest" errors="0" failures="2" skipped="0" tests="20" time="13.096" timestamp="2026-09-16T10:18:59.436539+00:00" hostname="agent-env-b2ee679e-620e-43cb-8439-81fbe15fcd97"><testcase classname="tests.test_await_backend.TestAuth" name="test_register_seeds_7" time="0.798"><failure message="AssertionError: Expected 7 seeded awaits, got 5&#10;assert 5 == 7&#10; +  where 5 = len([{'id': 'aw_ccb9a0824350', 'user_id': 'user_5af7e4e56efe', 'title': 'Insurance — Claim response', 'ownerName': 'Insurance', ...}, {'id': 'aw_9a6adf2cc285', 'user_id': 'user_5af7e4e56efe', 'title': 'Amazon — Refund ₹3,499', 'ownerName': 'Amazon', ...}, {'id': 'aw_d0e1c7a0f5dd', 'user_id': 'user_5af7e4e56efe', 'title': 'Sameer — Send quotation', 'ownerName': 'Sameer', ...}, {'id': 'aw_ebe2fcef22af', 'user_id': 'user_5af7e4e56efe', 'title': 'Rahul — Referral confirmation', 'ownerName': 'Rahul', ...}, {'id': 'aw_90c4ad6fead4', 'user_id': 'user_5af7e4e56efe', 'title': 'Plumber — Home visit', 'ownerName': 'Plumber', ...}])">tests/test_await_backend.py:13: in test_register_seeds_7
    assert len(awaits) == 7, f"Expected 7 seeded awaits, got {len(awaits)}"
E   AssertionError: Expected 7 seeded awaits, got 5
E   assert 5 == 7
E    +  where 5 = len([{'id': 'aw_ccb9a0824350', 'user_id': 'user_5af7e4e56efe', 'title': 'Insurance — Claim response', 'ownerName': 'Insurance', ...}, {'id': 'aw_9a6adf2cc285', 'user_id': 'user_5af7e4e56efe', 'title': 'Amazon — Refund ₹3,499', 'ownerName': 'Amazon', ...}, {'id': 'aw_d0e1c7a0f5dd', 'user_id': 'user_5af7e4e56efe', 'title': 'Sameer — Send quotation', 'ownerName': 'Sameer', ...}, {'id': 'aw_ebe2fcef22af', 'user_id': 'user_5af7e4e56efe', 'title': 'Rahul — Referral confirmation', 'ownerName': 'Rahul', ...}, {'id': 'aw_90c4ad6fead4', 'user_id': 'user_5af7e4e56efe', 'title': 'Plumber — Home visit', 'ownerName': 'Plumber', ...}])</failure></testcase><testcase classname="tests.test_await_backend.TestListFilters" name="test_include_done_false_returns_5" time="0.798" /><testcase classname="tests.test_await_backend.TestAuth" name="test_alex_login" time="0.487" /><testcase classname="tests.test_await_backend.TestAuth" name="test_wrong_password_401" time="0.286" /><testcase classname="tests.test_await_backend.TestListFilters" name="test_state_done_filter" time="0.793"><failure message="assert (0 &gt;= 1)&#10; +  where 0 = len([])">tests/test_await_backend.py:53: in test_state_done_filter
    assert len(docs) &gt;= 1 and all(d["state"] == "DONE" for d in docs)
E   assert (0 &gt;= 1)
E    +  where 0 = len([])</failure></testcase><testcase classname="tests.test_await_backend.TestAuth" name="test_me" time="0.513" /><testcase classname="tests.test_await_backend.TestAuth" name="test_me_401_missing_token" time="0.063" /><testcase classname="tests.test_await_backend.TestListFilters" name="test_category_refund" time="0.558" /><testcase classname="tests.test_await_backend.TestAI" name="test_extract_sameer_match" time="4.556" /><testcase classname="tests.test_await_backend.TestListFilters" name="test_q_sameer" time="0.584" /><testcase classname="tests.test_await_backend.TestListFilters" name="test_time_overdue" time="1.705" /><testcase classname="tests.test_await_backend.TestListFilters" name="test_sort_az" time="0.352" /><testcase classname="tests.test_await_backend.TestMisc" name="test_stats" time="0.360" /><testcase classname="tests.test_await_backend.TestMisc" name="test_reminders_tick" time="0.377" /><testcase classname="tests.test_await_backend.TestMisc" name="test_plan_upgrade" time="0.416" /><testcase classname="tests.test_await_backend.TestAwaitCRUD" name="test_full_lifecycle" time="1.525" /><testcase classname="tests.test_await_backend.TestAI" name="test_extract_amazon_completion" time="2.638" /><testcase classname="tests.test_await_backend.TestFreeLimit" name="test_11th_returns_402" time="0.684" /><testcase classname="tests.test_await_backend.TestAI" name="test_extract_garbage" time="1.864" /><testcase classname="tests.test_await_backend.TestAI" name="test_followup_draft" time="1.511" /></testsuite></testsuites>