<?xml version="1.0" encoding="utf-8"?><testsuites name="pytest tests"><testsuite name="pytest" errors="0" failures="0" skipped="0" tests="26" time="22.105" timestamp="2026-09-16T10:44:32.934141+00:00" hostname="agent-env-b2ee679e-620e-43cb-8439-81fbe15fcd97"><testcase classname="tests.test_await_backend.TestAuth" name="test_register_seeds_7" time="0.674" /><testcase classname="tests.test_await_backend.TestListFilters" name="test_include_done_false_returns_5" time="0.687" /><testcase classname="tests.test_await_backend.TestAuth" name="test_alex_login" time="0.284" /><testcase classname="tests.test_await_backend.TestAuth" name="test_wrong_password_401" time="0.442" /><testcase classname="tests.test_await_backend.TestListFilters" name="test_state_done_filter" time="1.005" /><testcase classname="tests.test_await_backend.TestAuth" name="test_me" time="0.342" /><testcase classname="tests.test_await_backend.TestAuth" name="test_me_401_missing_token" time="0.232" /><testcase classname="tests.test_await_backend.TestListFilters" name="test_category_refund" time="0.578" /><testcase classname="tests.test_await_backend.TestXPlanHeader" name="test_me_plan_free_without_header" time="0.582" /><testcase classname="tests.test_await_backend.TestListFilters" name="test_q_sameer" time="0.368" /><testcase classname="tests.test_await_backend.TestXPlanHeader" name="test_me_plan_pro_with_header" time="0.585" /><testcase classname="tests.test_await_backend.TestListFilters" name="test_time_overdue" time="0.520" /><testcase classname="tests.test_await_backend.TestXPlanHeader" name="test_awaits_pro_returns_old_done_items" time="0.583" /><testcase classname="tests.test_await_backend.TestListFilters" name="test_sort_az" time="0.578" /><testcase classname="tests.test_await_backend.TestXPlanHeader" name="test_awaits_free_hides_old_done_items" time="0.578" /><testcase classname="tests.test_await_backend.TestMisc" name="test_stats" time="0.618" /><testcase classname="tests.test_await_backend.TestXPlanHeader" name="test_free_limit_bypassed_with_pro_header" time="1.334" /><testcase classname="tests.test_await_backend.TestMisc" name="test_reminders_tick" time="0.548" /><testcase classname="tests.test_await_backend.TestMisc" name="test_plan_upgrade_removed" time="0.447" /><testcase classname="tests.test_await_backend.TestMisc" name="test_plan_restore_removed" time="0.580" /><testcase classname="tests.test_await_backend.TestAI" name="test_extract_sameer_match" time="4.924" /><testcase classname="tests.test_await_backend.TestAwaitCRUD" name="test_full_lifecycle" time="2.958" /><testcase classname="tests.test_await_backend.TestFreeLimit" name="test_11th_returns_402" time="0.706" /><testcase classname="tests.test_await_backend.TestAI" name="test_extract_amazon_completion" time="2.581" /><testcase classname="tests.test_await_backend.TestAI" name="test_extract_garbage" time="2.073" /><testcase classname="tests.test_await_backend.TestAI" name="test_followup_draft" time="6.560" /></testsuite></testsuites>